build/app/intermediates/manifest_merge_blame_file/debug/manifest-merger-blame-debug-report.txt
1<?xml version="1.0" encoding="utf-8"?>
2<manifest xmlns:android="http://schemas.android.com/apk/res/android"
3    package="com.example.quotes_app"
4    android:versionCode="1"
5    android:versionName="1.0.0" >
6
7    <uses-sdk
8        android:minSdkVersion="19"
9        android:targetSdkVersion="33" />
10    <!--
11         The INTERNET permission is required for development. Specifically,
12         the Flutter tool needs it to communicate with the running application
13         to allow setting breakpoints, to provide hot reload, etc.
14    -->
15    <uses-permission android:name="android.permission.INTERNET" />
15-->src\debug\AndroidManifest.xml:7:5-66
15-->src\debug\AndroidManifest.xml:7:22-64
16
17    <queries>
17-->[:whatsapp_share] AndroidManifest.xml:9:5-14:15
18
19        <!-- Explicit apps you know in advance about: -->
20        <package android:name="com.whatsapp" />
20-->[:whatsapp_share] AndroidManifest.xml:12:9-48
20-->[:whatsapp_share] AndroidManifest.xml:12:18-45
21        <package android:name="com.whatsapp.w4b" />
21-->[:whatsapp_share] AndroidManifest.xml:13:9-52
21-->[:whatsapp_share] AndroidManifest.xml:13:18-49
22    </queries>
23
24    <permission
24-->[androidx.core:core:1.9.0] AndroidManifest.xml:22:5-24:47
25        android:name="com.example.quotes_app.DYNAMIC_RECEIVER_NOT_EXPORTED_PERMISSION"
25-->[androidx.core:core:1.9.0] AndroidManifest.xml:23:9-81
26        android:protectionLevel="signature" />
26-->[androidx.core:core:1.9.0] AndroidManifest.xml:24:9-44
27
28    <uses-permission android:name="com.example.quotes_app.DYNAMIC_RECEIVER_NOT_EXPORTED_PERMISSION" />
28-->[androidx.core:core:1.9.0] AndroidManifest.xml:26:5-97
28-->[androidx.core:core:1.9.0] AndroidManifest.xml:26:22-94
29
30    <application
31        android:name="android.app.Application"
32        android:appComponentFactory="androidx.core.app.CoreComponentFactory"
32-->[androidx.core:core:1.9.0] AndroidManifest.xml:28:18-86
33        android:debuggable="true"
34        android:icon="@mipmap/ic_launcher"
35        android:label="quotes_app" >
36        <activity
37            android:name="com.example.quotes_app.MainActivity"
38            android:configChanges="orientation|keyboardHidden|keyboard|screenSize|smallestScreenSize|locale|layoutDirection|fontScale|screenLayout|density|uiMode"
39            android:exported="true"
40            android:hardwareAccelerated="true"
41            android:launchMode="singleTop"
42            android:theme="@style/LaunchTheme"
43            android:windowSoftInputMode="adjustResize" >
44
45            <!--
46                 Specifies an Android theme to apply to this Activity as soon as
47                 the Android process has started. This theme is visible to the user
48                 while the Flutter UI initializes. After that, this theme continues
49                 to determine the Window background behind the Flutter UI.
50            -->
51            <meta-data
52                android:name="io.flutter.embedding.android.NormalTheme"
53                android:resource="@style/NormalTheme" />
54
55            <intent-filter>
56                <action android:name="android.intent.action.MAIN" />
57
58                <category android:name="android.intent.category.LAUNCHER" />
59            </intent-filter>
60        </activity>
61        <!--
62             Don't delete the meta-data below.
63             This is used by the Flutter tool to generate GeneratedPluginRegistrant.java
64        -->
65        <meta-data
66            android:name="flutterEmbedding"
67            android:value="2" />
68        <!--
69           Declares a provider which allows us to store files to share in
70           '.../caches/share_plus' and grant the receiving action access
71        -->
72        <provider
72-->[:share_plus] AndroidManifest.xml:15:9-23:20
73            android:name="dev.fluttercommunity.plus.share.ShareFileProvider"
73-->[:share_plus] AndroidManifest.xml:16:13-77
74            android:authorities="com.example.quotes_app.flutter.share_provider"
74-->[:share_plus] AndroidManifest.xml:17:13-74
75            android:exported="false"
75-->[:share_plus] AndroidManifest.xml:18:13-37
76            android:grantUriPermissions="true" >
76-->[:share_plus] AndroidManifest.xml:19:13-47
77            <meta-data
77-->[:share_plus] AndroidManifest.xml:20:13-22:68
78                android:name="android.support.FILE_PROVIDER_PATHS"
78-->[:share_plus] AndroidManifest.xml:21:17-67
79                android:resource="@xml/flutter_share_file_paths" />
79-->[:share_plus] AndroidManifest.xml:22:17-65
80        </provider>
81        <!--
82           This manifest declared broadcast receiver allows us to use an explicit
83           Intent when creating a PendingItent to be informed of the user's choice
84        -->
85        <receiver
85-->[:share_plus] AndroidManifest.xml:28:9-34:20
86            android:name="dev.fluttercommunity.plus.share.SharePlusPendingIntent"
86-->[:share_plus] AndroidManifest.xml:29:13-82
87            android:exported="false" >
87-->[:share_plus] AndroidManifest.xml:30:13-37
88            <intent-filter>
88-->[:share_plus] AndroidManifest.xml:31:13-33:29
89                <action android:name="EXTRA_CHOSEN_COMPONENT" />
89-->[:share_plus] AndroidManifest.xml:32:17-65
89-->[:share_plus] AndroidManifest.xml:32:25-62
90            </intent-filter>
91        </receiver>
92
93        <uses-library
93-->[androidx.window:window:1.0.0-beta04] AndroidManifest.xml:25:9-27:40
94            android:name="androidx.window.extensions"
94-->[androidx.window:window:1.0.0-beta04] AndroidManifest.xml:26:13-54
95            android:required="false" />
95-->[androidx.window:window:1.0.0-beta04] AndroidManifest.xml:27:13-37
96        <uses-library
96-->[androidx.window:window:1.0.0-beta04] AndroidManifest.xml:28:9-30:40
97            android:name="androidx.window.sidecar"
97-->[androidx.window:window:1.0.0-beta04] AndroidManifest.xml:29:13-51
98            android:required="false" />
98-->[androidx.window:window:1.0.0-beta04] AndroidManifest.xml:30:13-37
99    </application>
100
101</manifest>